t=2020-11-12T20:18:14-0500 lvl=eror msg="Failed to send usage stats" logger=metrics err="Post \"https://stats.grafana.org/grafana-usage-report\": dial tcp: lookup stats.grafana.org: no such host"
t=2020-11-23T18:04:11-0600 lvl=info msg="Starting Grafana" logger=server version=7.3.0 commit=bf8837f6f8 branch=HEAD compiled=2020-10-28T07:03:43-0500
t=2020-11-23T18:04:11-0600 lvl=info msg="Config loaded from" logger=settings file=C:\\Users\\liamc\\Desktop\\murray_did\\grafana-7.3.0/conf/defaults.ini
t=2020-11-23T18:04:11-0600 lvl=info msg="Path Home" logger=settings path=C:\\Users\\liamc\\Desktop\\murray_did\\grafana-7.3.0
t=2020-11-23T18:04:11-0600 lvl=info msg="Path Data" logger=settings path=C:\\Users\\liamc\\Desktop\\murray_did\\grafana-7.3.0\\data
t=2020-11-23T18:04:11-0600 lvl=info msg="Path Logs" logger=settings path=C:\\Users\\liamc\\Desktop\\murray_did\\grafana-7.3.0\\data\\log
t=2020-11-23T18:04:11-0600 lvl=info msg="Path Plugins" logger=settings path=C:\\Users\\liamc\\Desktop\\murray_did\\grafana-7.3.0\\data\\plugins
t=2020-11-23T18:04:11-0600 lvl=info msg="Path Provisioning" logger=settings path=C:\\Users\\liamc\\Desktop\\murray_did\\grafana-7.3.0\\conf\\provisioning
t=2020-11-23T18:04:11-0600 lvl=info msg="App mode production" logger=settings
t=2020-11-23T18:04:11-0600 lvl=info msg="Connecting to DB" logger=sqlstore dbtype=sqlite3
t=2020-11-23T18:04:11-0600 lvl=warn msg="SQLite database file has broader permissions than it should" logger=sqlstore path=C:\\Users\\liamc\\Desktop\\murray_did\\grafana-7.3.0\\data\\grafana.db mode=-rw-rw-rw- expected=-rw-r-----
t=2020-11-23T18:04:11-0600 lvl=info msg="Starting DB migrations" logger=migrator
t=2020-11-23T18:04:11-0600 lvl=info msg="Starting plugin search" logger=plugins
t=2020-11-23T18:04:12-0600 lvl=info msg="Registering plugin" logger=plugins id=input
t=2020-11-23T18:04:12-0600 lvl=info msg="HTTP Server Listen" logger=http.server address=[::]:3000 protocol=http subUrl= socket=
t=2020-11-23T18:04:31-0600 lvl=info msg="Request Completed" logger=context userId=0 orgId=0 uname= method=GET path=/ status=302 remote_addr=[::1] time_ms=0 size=29 referer=
t=2020-11-23T18:04:35-0600 lvl=info msg="Successful Login" logger=http.server User=admin@localhost
t=2020-11-26T13:42:54-0600 lvl=info msg="Starting Grafana" logger=server version=7.3.0 commit=bf8837f6f8 branch=HEAD compiled=2020-10-28T07:03:43-0500
t=2020-11-26T13:42:54-0600 lvl=info msg="Config loaded from" logger=settings file=C:\\Users\\liamc\\Desktop\\murray_did\\grafana-7.3.0/conf/defaults.ini
t=2020-11-26T13:42:54-0600 lvl=info msg="Path Home" logger=settings path=C:\\Users\\liamc\\Desktop\\murray_did\\grafana-7.3.0
t=2020-11-26T13:42:54-0600 lvl=info msg="Path Data" logger=settings path=C:\\Users\\liamc\\Desktop\\murray_did\\grafana-7.3.0\\data
t=2020-11-26T13:42:54-0600 lvl=info msg="Path Logs" logger=settings path=C:\\Users\\liamc\\Desktop\\murray_did\\grafana-7.3.0\\data\\log
t=2020-11-26T13:42:54-0600 lvl=info msg="Path Plugins" logger=settings path=C:\\Users\\liamc\\Desktop\\murray_did\\grafana-7.3.0\\data\\plugins
t=2020-11-26T13:42:54-0600 lvl=info msg="Path Provisioning" logger=settings path=C:\\Users\\liamc\\Desktop\\murray_did\\grafana-7.3.0\\conf\\provisioning
t=2020-11-26T13:42:54-0600 lvl=info msg="App mode production" logger=settings
t=2020-11-26T13:42:54-0600 lvl=info msg="Connecting to DB" logger=sqlstore dbtype=sqlite3
t=2020-11-26T13:42:54-0600 lvl=warn msg="SQLite database file has broader permissions than it should" logger=sqlstore path=C:\\Users\\liamc\\Desktop\\murray_did\\grafana-7.3.0\\data\\grafana.db mode=-rw-rw-rw- expected=-rw-r-----
t=2020-11-26T13:42:54-0600 lvl=info msg="Starting DB migrations" logger=migrator
t=2020-11-26T13:42:54-0600 lvl=info msg="Starting plugin search" logger=plugins
t=2020-11-26T13:42:54-0600 lvl=info msg="Registering plugin" logger=plugins id=input
t=2020-11-26T13:42:54-0600 lvl=info msg="HTTP Server Listen" logger=http.server address=[::]:3000 protocol=http subUrl= socket=
t=2020-11-26T14:13:41-0600 lvl=info msg="Request Completed" logger=context userId=1 orgId=1 uname=admin method=POST path=/api/tsdb/query status=400 remote_addr=[::1] time_ms=13 size=395 referer="http://localhost:3000/d/JHAr782Mz/current-soldier-risk-scores?editPanel=4&orgId=1"
t=2020-11-26T14:13:45-0600 lvl=info msg="Request Completed" logger=context userId=1 orgId=1 uname=admin method=POST path=/api/tsdb/query status=400 remote_addr=[::1] time_ms=29 size=396 referer="http://localhost:3000/d/JHAr782Mz/current-soldier-risk-scores?editPanel=4&orgId=1"
t=2020-11-26T14:13:45-0600 lvl=info msg="Request Completed" logger=context userId=1 orgId=1 uname=admin method=POST path=/api/tsdb/query status=400 remote_addr=[::1] time_ms=4 size=396 referer="http://localhost:3000/d/JHAr782Mz/current-soldier-risk-scores?editPanel=4&orgId=1"
t=2020-11-26T14:13:52-0600 lvl=info msg="Request Completed" logger=context userId=1 orgId=1 uname=admin method=POST path=/api/tsdb/query status=400 remote_addr=[::1] time_ms=12 size=412 referer="http://localhost:3000/d/JHAr782Mz/current-soldier-risk-scores?editPanel=4&orgId=1"
t=2020-11-26T14:13:54-0600 lvl=info msg="Request Completed" logger=context userId=1 orgId=1 uname=admin method=POST path=/api/tsdb/query status=400 remote_addr=[::1] time_ms=5 size=325 referer="http://localhost:3000/d/JHAr782Mz/current-soldier-risk-scores?editPanel=4&orgId=1"
t=2020-11-26T14:13:57-0600 lvl=info msg="Request Completed" logger=context userId=1 orgId=1 uname=admin method=POST path=/api/tsdb/query status=400 remote_addr=[::1] time_ms=5 size=325 referer="http://localhost:3000/d/JHAr782Mz/current-soldier-risk-scores?editPanel=4&orgId=1"
t=2020-11-26T14:14:14-0600 lvl=info msg="Request Completed" logger=context userId=1 orgId=1 uname=admin method=POST path=/api/tsdb/query status=400 remote_addr=[::1] time_ms=13 size=325 referer="http://localhost:3000/d/JHAr782Mz/current-soldier-risk-scores?editPanel=4&orgId=1"
t=2020-11-26T14:14:21-0600 lvl=info msg="Request Completed" logger=context userId=1 orgId=1 uname=admin method=POST path=/api/tsdb/query status=400 remote_addr=[::1] time_ms=15 size=329 referer="http://localhost:3000/d/JHAr782Mz/current-soldier-risk-scores?editPanel=4&orgId=1"
t=2020-11-26T14:15:05-0600 lvl=info msg="Request Completed" logger=context userId=1 orgId=1 uname=admin method=POST path=/api/tsdb/query status=400 remote_addr=[::1] time_ms=11 size=325 referer="http://localhost:3000/d/JHAr782Mz/current-soldier-risk-scores?editPanel=4&orgId=1"
t=2020-11-26T14:15:05-0600 lvl=info msg="Request Completed" logger=context userId=1 orgId=1 uname=admin method=POST path=/api/tsdb/query status=400 remote_addr=[::1] time_ms=4 size=325 referer="http://localhost:3000/d/JHAr782Mz/current-soldier-risk-scores?editPanel=4&orgId=1"
